<?xml version="1.0" encoding="UTF-8"?>
<testsuite xmlns:xsi="http://www.w3.org/2001/XMLSchema-instance" xsi:noNamespaceSchemaLocation="https://maven.apache.org/surefire/maven-surefire-plugin/xsd/surefire-test-report-3.0.xsd" version="3.0" name="runner.RunCucumberTest" time="278.565" tests="10" errors="0" skipped="0" failures="0">
  <properties>
[...]
</properties>
  <testcase name="Loard of Love" classname="Articles info" time="45.822">
    <system-out><![CDATA[[TRACE] 2022-07-31 22:15:31.212 [main] BaseClass - All methods are initialising 
[FATAL] 2022-07-31 22:15:31.217 [main] BaseClass - Initialising all the methods at a time
[WARN ] 2022-07-31 22:15:33.552 [main] BaseClass - Driver invoked 
[FATAL] 2022-07-31 22:15:33.552 [main] BaseClass - initializing the Browser for the scenarioLoard of Love
[FATAL] 2022-07-31 22:16:12.578 [main] BaseClass - Navigating to that url
[ERROR] 2022-07-31 22:16:12.578 [main] BaseClass - Causing null pointer while navigate to the homePage
[FATAL] 2022-07-31 22:16:14.947 [main] BaseClass - Training to close popUp
[TRACE] 2022-07-31 22:16:14.970 [main] BaseClass - calling the method
[FATAL] 2022-07-31 22:16:15.944 [main] BaseClass - Assertion passes
[TRACE] 2022-07-31 22:16:16.166 [main] BaseClass - Excuted sucessfully
[WARN ] 2022-07-31 22:16:17.036 [main] BaseClass - Driver Closed 
[DEBUG] 2022-07-31 22:16:17.036 [main] BaseClass - Closing the browser
]]></system-out>
    <system-err><![CDATA[Starting Microsoft Edge WebDriver 103.0.1264.71 (1f7a1d165042010b399db54bd56390dd47e15013) on port 12927
To submit feedback, report a bug, or suggest new features, please visit https://github.com/MicrosoftEdge/EdgeWebDriver

Only local connections are allowed.
Please see https://aka.ms/WebDriverSecurity for suggestions on keeping Microsoft Edge WebDriver safe.

Microsoft Edge WebDriver was started successfully.
Jul 31, 2022 10:15:33 PM org.openqa.selenium.remote.ProtocolHandshake createSession
INFO: Detected dialect: W3C
]]></system-err>
  </testcase>
  <testcase name="our Ambition" classname="Tide Commitment" time="23.695">
    <system-out><![CDATA[[WARN ] 2022-07-31 22:16:18.632 [main] BaseClass - Driver invoked 
[FATAL] 2022-07-31 22:16:18.633 [main] BaseClass - initializing the Browser for the scenarioour Ambition
[FATAL] 2022-07-31 22:16:35.794 [main] BaseClass - Navigating to that url
[ERROR] 2022-07-31 22:16:35.794 [main] BaseClass - Causing null pointer while navigate to the homePage
[FATAL] 2022-07-31 22:16:38.474 [main] BaseClass - Training to close popUp
[FATAL] 2022-07-31 22:16:39.177 [main] BaseClass - Assertion passes
We have always created products that improve people’s lives now and for generations to come—in fact sustainability and social good have always been a part of our business strategy.
[TRACE] 2022-07-31 22:16:39.837 [main] BaseClass - Excuted sucessfully
[WARN ] 2022-07-31 22:16:40.740 [main] BaseClass - Driver Closed 
[DEBUG] 2022-07-31 22:16:40.740 [main] BaseClass - Closing the browser
]]></system-out>
    <system-err><![CDATA[Starting Microsoft Edge WebDriver 103.0.1264.71 (1f7a1d165042010b399db54bd56390dd47e15013) on port 12119
To submit feedback, report a bug, or suggest new features, please visit https://github.com/MicrosoftEdge/EdgeWebDriver

Only local connections are allowed.
Please see https://aka.ms/WebDriverSecurity for suggestions on keeping Microsoft Edge WebDriver safe.

Microsoft Edge WebDriver was started successfully.
Jul 31, 2022 10:16:18 PM org.openqa.selenium.remote.ProtocolHandshake createSession
INFO: Detected dialect: W3C
]]></system-err>
  </testcase>
  <testcase name="Rewards" classname="Coupons and Rewards" time="24.657">
    <system-out><![CDATA[[WARN ] 2022-07-31 22:16:42.354 [main] BaseClass - Driver invoked 
[FATAL] 2022-07-31 22:16:42.355 [main] BaseClass - initializing the Browser for the scenarioRewards
[FATAL] 2022-07-31 22:16:50.777 [main] BaseClass - Navigating to that url
[ERROR] 2022-07-31 22:16:50.777 [main] BaseClass - Causing null pointer while navigate to the homePage
[FATAL] 2022-07-31 22:16:53.430 [main] BaseClass - Training to close popUp
[FATAL] 2022-07-31 22:17:04.109 [main] BaseClass - Assertion passes
Signup Now - Get Access to Exclusive Tide Coupons | P&GGoodEveryday
[TRACE] 2022-07-31 22:17:04.502 [main] BaseClass - Excuted sucessfully
[WARN ] 2022-07-31 22:17:05.397 [main] BaseClass - Driver Closed 
[DEBUG] 2022-07-31 22:17:05.397 [main] BaseClass - Closing the browser
]]></system-out>
    <system-err><![CDATA[Starting Microsoft Edge WebDriver 103.0.1264.71 (1f7a1d165042010b399db54bd56390dd47e15013) on port 25493
To submit feedback, report a bug, or suggest new features, please visit https://github.com/MicrosoftEdge/EdgeWebDriver

Only local connections are allowed.
Please see https://aka.ms/WebDriverSecurity for suggestions on keeping Microsoft Edge WebDriver safe.

Microsoft Edge WebDriver was started successfully.
Jul 31, 2022 10:16:42 PM org.openqa.selenium.remote.ProtocolHandshake createSession
INFO: Detected dialect: W3C
]]></system-err>
  </testcase>
  <testcase name="Products by type" classname="Mechine care" time="23.555">
    <system-out><![CDATA[[WARN ] 2022-07-31 22:17:07.031 [main] BaseClass - Driver invoked 
[FATAL] 2022-07-31 22:17:07.033 [main] BaseClass - initializing the Browser for the scenarioProducts by type
[FATAL] 2022-07-31 22:17:24.000 [main] BaseClass - Navigating to that url
[ERROR] 2022-07-31 22:17:24.001 [main] BaseClass - Causing null pointer while navigate to the homePage
[FATAL] 2022-07-31 22:17:26.623 [main] BaseClass - Training to close popUp
Washing Machine Cleaner
[FATAL] 2022-07-31 22:17:27.854 [main] BaseClass - Assertion passes
[TRACE] 2022-07-31 22:17:28.066 [main] BaseClass - Excuted sucessfully
[WARN ] 2022-07-31 22:17:28.952 [main] BaseClass - Driver Closed 
[DEBUG] 2022-07-31 22:17:28.952 [main] BaseClass - Closing the browser
]]></system-out>
    <system-err><![CDATA[Starting Microsoft Edge WebDriver 103.0.1264.71 (1f7a1d165042010b399db54bd56390dd47e15013) on port 36305
To submit feedback, report a bug, or suggest new features, please visit https://github.com/MicrosoftEdge/EdgeWebDriver

Only local connections are allowed.
Please see https://aka.ms/WebDriverSecurity for suggestions on keeping Microsoft Edge WebDriver safe.

Microsoft Edge WebDriver was started successfully.
Jul 31, 2022 10:17:06 PM org.openqa.selenium.remote.ProtocolHandshake createSession
INFO: Detected dialect: W3C
]]></system-err>
  </testcase>
  <testcase name="Check Egg stains" classname="Information Articles" time="25.582">
    <system-out><![CDATA[[WARN ] 2022-07-31 22:17:30.629 [main] BaseClass - Driver invoked 
[FATAL] 2022-07-31 22:17:30.630 [main] BaseClass - initializing the Browser for the scenarioCheck Egg stains
[FATAL] 2022-07-31 22:17:46.373 [main] BaseClass - Navigating to that url
[ERROR] 2022-07-31 22:17:46.373 [main] BaseClass - Causing null pointer while navigate to the homePage
[FATAL] 2022-07-31 22:17:48.227 [main] BaseClass - Training to close popUp
How to Remove Egg Stains
[FATAL] 2022-07-31 22:17:53.417 [main] BaseClass - Assertion passes
[TRACE] 2022-07-31 22:17:53.659 [main] BaseClass - Excuted sucessfully
[WARN ] 2022-07-31 22:17:54.534 [main] BaseClass - Driver Closed 
[DEBUG] 2022-07-31 22:17:54.534 [main] BaseClass - Closing the browser
]]></system-out>
    <system-err><![CDATA[Starting Microsoft Edge WebDriver 103.0.1264.71 (1f7a1d165042010b399db54bd56390dd47e15013) on port 33516
To submit feedback, report a bug, or suggest new features, please visit https://github.com/MicrosoftEdge/EdgeWebDriver

Only local connections are allowed.
Please see https://aka.ms/WebDriverSecurity for suggestions on keeping Microsoft Edge WebDriver safe.

Microsoft Edge WebDriver was started successfully.
Jul 31, 2022 10:17:30 PM org.openqa.selenium.remote.ProtocolHandshake createSession
INFO: Detected dialect: W3C
]]></system-err>
  </testcase>
  <testcase name="Liquid type products" classname="Liquid products" time="29.108">
    <system-out><![CDATA[[WARN ] 2022-07-31 22:17:56.100 [main] BaseClass - Driver invoked 
[FATAL] 2022-07-31 22:17:56.100 [main] BaseClass - initializing the Browser for the scenarioLiquid type products
[FATAL] 2022-07-31 22:18:18.572 [main] BaseClass - Navigating to that url
[ERROR] 2022-07-31 22:18:18.573 [main] BaseClass - Causing null pointer while navigate to the homePage
[FATAL] 2022-07-31 22:18:21.022 [main] BaseClass - Training to close popUp
Simply Plus Bleach Alternative
[WARN ] 2022-07-31 22:18:23.641 [main] BaseClass - Driver Closed 
[DEBUG] 2022-07-31 22:18:23.641 [main] BaseClass - Closing the browser
]]></system-out>
    <system-err><![CDATA[Starting Microsoft Edge WebDriver 103.0.1264.71 (1f7a1d165042010b399db54bd56390dd47e15013) on port 28227
To submit feedback, report a bug, or suggest new features, please visit https://github.com/MicrosoftEdge/EdgeWebDriver

Only local connections are allowed.
Please see https://aka.ms/WebDriverSecurity for suggestions on keeping Microsoft Edge WebDriver safe.

Microsoft Edge WebDriver was started successfully.
Jul 31, 2022 10:17:55 PM org.openqa.selenium.remote.ProtocolHandshake createSession
INFO: Detected dialect: W3C
]]></system-err>
  </testcase>
  <testcase name="chat timings" classname="Live Chat" time="22.824">
    <system-out><![CDATA[[WARN ] 2022-07-31 22:18:25.246 [main] BaseClass - Driver invoked 
[FATAL] 2022-07-31 22:18:25.246 [main] BaseClass - initializing the Browser for the scenariochat timings
[FATAL] 2022-07-31 22:18:42.414 [main] BaseClass - Navigating to that url
[ERROR] 2022-07-31 22:18:42.414 [main] BaseClass - Causing null pointer while navigate to the homePage
[FATAL] 2022-07-31 22:18:44.978 [main] BaseClass - Training to close popUp
Tide's expert clean team is here to help you via our online chat. Available from Monday to Friday between 10 AM and 6 PM, we're happy to answer all your laundry-related questions.
[FATAL] 2022-07-31 22:18:45.352 [main] BaseClass - Assertion passes
[TRACE] 2022-07-31 22:18:45.585 [main] BaseClass - Excuted sucessfully
[WARN ] 2022-07-31 22:18:46.466 [main] BaseClass - Driver Closed 
[DEBUG] 2022-07-31 22:18:46.466 [main] BaseClass - Closing the browser
]]></system-out>
    <system-err><![CDATA[Starting Microsoft Edge WebDriver 103.0.1264.71 (1f7a1d165042010b399db54bd56390dd47e15013) on port 34218
To submit feedback, report a bug, or suggest new features, please visit https://github.com/MicrosoftEdge/EdgeWebDriver

Only local connections are allowed.
Please see https://aka.ms/WebDriverSecurity for suggestions on keeping Microsoft Edge WebDriver safe.

Microsoft Edge WebDriver was started successfully.
Jul 31, 2022 10:18:25 PM org.openqa.selenium.remote.ProtocolHandshake createSession
INFO: Detected dialect: W3C
]]></system-err>
  </testcase>
  <testcase name="Whats new" classname="New Launches" time="24.281">
    <system-out><![CDATA[[WARN ] 2022-07-31 22:18:48.053 [main] BaseClass - Driver invoked 
[FATAL] 2022-07-31 22:18:48.054 [main] BaseClass - initializing the Browser for the scenarioWhats new
[FATAL] 2022-07-31 22:19:06.491 [main] BaseClass - Navigating to that url
[ERROR] 2022-07-31 22:19:06.492 [main] BaseClass - Causing null pointer while navigate to the homePage
[FATAL] 2022-07-31 22:19:08.983 [main] BaseClass - Training to close popUp
Tide in Space
[FATAL] 2022-07-31 22:19:09.543 [main] BaseClass - Assertion passes
[TRACE] 2022-07-31 22:19:09.845 [main] BaseClass - Excuted sucessfully
[WARN ] 2022-07-31 22:19:10.747 [main] BaseClass - Driver Closed 
[DEBUG] 2022-07-31 22:19:10.747 [main] BaseClass - Closing the browser
]]></system-out>
    <system-err><![CDATA[Starting Microsoft Edge WebDriver 103.0.1264.71 (1f7a1d165042010b399db54bd56390dd47e15013) on port 49037
To submit feedback, report a bug, or suggest new features, please visit https://github.com/MicrosoftEdge/EdgeWebDriver

Only local connections are allowed.
Please see https://aka.ms/WebDriverSecurity for suggestions on keeping Microsoft Edge WebDriver safe.

Microsoft Edge WebDriver was started successfully.
Jul 31, 2022 10:18:47 PM org.openqa.selenium.remote.ProtocolHandshake createSession
INFO: Detected dialect: W3C
]]></system-err>
  </testcase>
  <testcase name="Productsof type" classname="Customised products" time="22.038">
    <system-out><![CDATA[[WARN ] 2022-07-31 22:19:12.306 [main] BaseClass - Driver invoked 
[FATAL] 2022-07-31 22:19:12.306 [main] BaseClass - initializing the Browser for the scenarioProductsof type
[FATAL] 2022-07-31 22:19:21.222 [main] BaseClass - Navigating to that url
[ERROR] 2022-07-31 22:19:21.223 [main] BaseClass - Causing null pointer while navigate to the homePage
[FATAL] 2022-07-31 22:19:23.516 [main] BaseClass - Training to close popUp
$11.58
[FATAL] 2022-07-31 22:19:31.705 [main] BaseClass - Assertion passes
[TRACE] 2022-07-31 22:19:31.904 [main] BaseClass - Excuted sucessfully
[WARN ] 2022-07-31 22:19:32.785 [main] BaseClass - Driver Closed 
[DEBUG] 2022-07-31 22:19:32.785 [main] BaseClass - Closing the browser
]]></system-out>
    <system-err><![CDATA[Starting Microsoft Edge WebDriver 103.0.1264.71 (1f7a1d165042010b399db54bd56390dd47e15013) on port 4115
To submit feedback, report a bug, or suggest new features, please visit https://github.com/MicrosoftEdge/EdgeWebDriver

Only local connections are allowed.
Please see https://aka.ms/WebDriverSecurity for suggestions on keeping Microsoft Edge WebDriver safe.

Microsoft Edge WebDriver was started successfully.
Jul 31, 2022 10:19:12 PM org.openqa.selenium.remote.ProtocolHandshake createSession
INFO: Detected dialect: W3C
]]></system-err>
  </testcase>
  <testcase name="terms and cons" classname="Terms and conditions" time="32.914">
    <system-out><![CDATA[[WARN ] 2022-07-31 22:19:34.342 [main] BaseClass - Driver invoked 
[FATAL] 2022-07-31 22:19:34.343 [main] BaseClass - initializing the Browser for the scenarioterms and cons
[FATAL] 2022-07-31 22:19:47.227 [main] BaseClass - Navigating to that url
[ERROR] 2022-07-31 22:19:47.227 [main] BaseClass - Causing null pointer while navigate to the homePage
[FATAL] 2022-07-31 22:19:50.643 [main] BaseClass - Training to close popUp
P&G Terms & Conditions: electronic signature, chat room
[FATAL] 2022-07-31 22:20:04.598 [main] BaseClass - Assertion passes
[TRACE] 2022-07-31 22:20:04.808 [main] BaseClass - Excuted sucessfully
[WARN ] 2022-07-31 22:20:05.699 [main] BaseClass - Driver Closed 
[DEBUG] 2022-07-31 22:20:05.699 [main] BaseClass - Closing the browser
]]></system-out>
    <system-err><![CDATA[Starting Microsoft Edge WebDriver 103.0.1264.71 (1f7a1d165042010b399db54bd56390dd47e15013) on port 38976
To submit feedback, report a bug, or suggest new features, please visit https://github.com/MicrosoftEdge/EdgeWebDriver

Only local connections are allowed.
Please see https://aka.ms/WebDriverSecurity for suggestions on keeping Microsoft Edge WebDriver safe.

Microsoft Edge WebDriver was started successfully.
Jul 31, 2022 10:19:34 PM org.openqa.selenium.remote.ProtocolHandshake createSession
INFO: Detected dialect: W3C
]]></system-err>
  </testcase>
</testsuite>